<?xml version="1.0" encoding="UTF-8"?>
<testsuites name="jest tests" tests="2" failures="0" errors="0" time="5.978">
  <testsuite name="EA Coding Test" errors="0" failures="0" skipped="0" timestamp="2023-06-21T04:35:03" time="5.651" tests="2">
    <testcase classname="EA Coding Test festivals - positive scenario" name="EA Coding Test festivals - positive scenario" time="0.969">
    </testcase>
    <testcase classname="EA Coding Test festivals - negative scenario" name="EA Coding Test festivals - negative scenario" time="0.308">
    </testcase>
  </testsuite>
</testsuites>